Number of components =            1
Number of bodies =            1
Number of particles =        21172
Number of material sets  =            1
MUSL method is used 
DTScale =      0.800
Material:
1 sjc 8.93d-3 117.0d3 0.35 157.0 425.0 1.0 0.0 1e-3
the effective number of material           1
Grid mass CutOff value:   0.3920E-07
 
Number of grid     34596
cells (x,y,z)   30  30  35
 
     --- body  1 ---
                    mass:  0.1038E+02
          kinetic energy:  0.1872E+06
         internal energy:  0.0000E+00
       --- total ---
              total mass:  0.1038E+02
    total kinetic energy:  0.1872E+06
   total internal energy:  0.0000E+00
 
DT =  0.133E-03
 Step=     1  T= 1.326E-04  K.E.= 1.873E+05  T.E.= 1.902E+05
              Mx= 0.000E+00   My= 0.000E+00   Mz=-0.197E+04
 Step=     8  T= 1.061E-03  K.E.= 1.832E+05  T.E.= 1.885E+05
              Mx=-0.156E-14   My=-0.560E-15   Mz=-0.184E+04
 Step=    16  T= 2.121E-03  K.E.= 1.784E+05  T.E.= 1.881E+05
              Mx= 0.119E-06   My= 0.192E-06   Mz=-0.188E+04
 Step=    23  T= 3.050E-03  K.E.= 1.753E+05  T.E.= 1.882E+05
              Mx= 0.119E-06   My= 0.192E-06   Mz=-0.182E+04
 Step=    31  T= 4.110E-03  K.E.= 1.735E+05  T.E.= 1.887E+05
              Mx= 0.119E-06   My= 0.192E-06   Mz=-0.179E+04
 Step=    38  T= 5.038E-03  K.E.= 1.707E+05  T.E.= 1.884E+05
              Mx= 0.119E-06   My= 0.192E-06   Mz=-0.181E+04
 Step=    46  T= 6.099E-03  K.E.= 1.670E+05  T.E.= 1.884E+05
              Mx=-0.152E-06   My= 0.143E-06   Mz=-0.176E+04
 Step=    53  T= 7.027E-03  K.E.= 1.637E+05  T.E.= 1.885E+05
              Mx=-0.149E-06   My= 0.162E-06   Mz=-0.174E+04
 Write output data
 Step=    61  T= 8.088E-03  K.E.= 1.602E+05  T.E.= 1.884E+05
              Mx=-0.175E-06   My= 0.174E-06   Mz=-0.173E+04
 Step=    68  T= 9.016E-03  K.E.= 1.571E+05  T.E.= 1.884E+05
              Mx=-0.175E-06   My= 0.174E-06   Mz=-0.168E+04
 Step=    76  T= 1.008E-02  K.E.= 1.530E+05  T.E.= 1.884E+05
              Mx=-0.312E-04   My= 0.180E-05   Mz=-0.167E+04
 Step=    83  T= 1.100E-02  K.E.= 1.495E+05  T.E.= 1.885E+05
              Mx=-0.225E-04   My= 0.462E-05   Mz=-0.165E+04
 Step=    91  T= 1.207E-02  K.E.= 1.454E+05  T.E.= 1.885E+05
              Mx=-0.163E-04   My= 0.128E-04   Mz=-0.160E+04
 Step=    99  T= 1.313E-02  K.E.= 1.414E+05  T.E.= 1.885E+05
              Mx=-0.213E-04   My= 0.159E-04   Mz=-0.159E+04
 Step=   106  T= 1.405E-02  K.E.= 1.377E+05  T.E.= 1.885E+05
              Mx=-0.213E-04   My= 0.159E-04   Mz=-0.155E+04
 Step=   114  T= 1.512E-02  K.E.= 1.335E+05  T.E.= 1.885E+05
              Mx= 0.146E-03   My=-0.778E-04   Mz=-0.153E+04
 Write output data
 Step=   121  T= 1.604E-02  K.E.= 1.298E+05  T.E.= 1.885E+05
              Mx=-0.972E-03   My=-0.189E-05   Mz=-0.150E+04
 Step=   129  T= 1.710E-02  K.E.= 1.256E+05  T.E.= 1.885E+05
              Mx=-0.943E-03   My=-0.305E-04   Mz=-0.146E+04
 Step=   136  T= 1.803E-02  K.E.= 1.218E+05  T.E.= 1.885E+05
              Mx=-0.943E-03   My=-0.305E-04   Mz=-0.144E+04
 Step=   144  T= 1.909E-02  K.E.= 1.176E+05  T.E.= 1.886E+05
              Mx=-0.934E-03   My=-0.302E-04   Mz=-0.141E+04
 Step=   151  T= 2.002E-02  K.E.= 1.139E+05  T.E.= 1.886E+05
              Mx=-0.441E-04   My=-0.847E-04   Mz=-0.137E+04
 Step=   159  T= 2.108E-02  K.E.= 1.097E+05  T.E.= 1.885E+05
              Mx= 0.210E-04   My=-0.419E-04   Mz=-0.134E+04
 Step=   166  T= 2.201E-02  K.E.= 1.060E+05  T.E.= 1.885E+05
              Mx= 0.210E-04   My=-0.419E-04   Mz=-0.131E+04
 Step=   174  T= 2.307E-02  K.E.= 1.018E+05  T.E.= 1.885E+05
              Mx= 0.210E-04   My=-0.419E-04   Mz=-0.128E+04
 Write output data
 Step=   182  T= 2.413E-02  K.E.= 9.767E+04  T.E.= 1.885E+05
              Mx= 0.687E-02   My= 0.321E-03   Mz=-0.124E+04
 Step=   189  T= 2.506E-02  K.E.= 9.409E+04  T.E.= 1.885E+05
              Mx= 0.591E-02   My= 0.520E-03   Mz=-0.121E+04
 Step=   197  T= 2.612E-02  K.E.= 9.001E+04  T.E.= 1.885E+05
              Mx= 0.605E-02   My= 0.513E-03   Mz=-0.118E+04
 Step=   204  T= 2.705E-02  K.E.= 8.650E+04  T.E.= 1.885E+05
              Mx= 0.504E-02   My= 0.421E-03   Mz=-0.115E+04
 Step=   212  T= 2.811E-02  K.E.= 8.254E+04  T.E.= 1.885E+05
              Mx= 0.501E-02   My= 0.412E-03   Mz=-0.111E+04
 Step=   219  T= 2.904E-02  K.E.= 7.914E+04  T.E.= 1.885E+05
              Mx= 0.389E-02   My= 0.112E-02   Mz=-0.108E+04
 Step=   227  T= 3.010E-02  K.E.= 7.531E+04  T.E.= 1.885E+05
              Mx= 0.389E-02   My= 0.112E-02   Mz=-0.104E+04
 Step=   234  T= 3.103E-02  K.E.= 7.203E+04  T.E.= 1.885E+05
              Mx= 0.323E-02   My= 0.105E-02   Mz=-0.101E+04
 Write output data
 Step=   242  T= 3.209E-02  K.E.= 6.836E+04  T.E.= 1.885E+05
              Mx= 0.321E-02   My= 0.105E-02   Mz=-0.974E+03
 Step=   249  T= 3.301E-02  K.E.= 6.522E+04  T.E.= 1.885E+05
              Mx= 0.415E-02   My= 0.198E-02   Mz=-0.942E+03
 Step=   257  T= 3.408E-02  K.E.= 6.170E+04  T.E.= 1.885E+05
              Mx= 0.396E-02   My= 0.208E-02   Mz=-0.904E+03
 Step=   264  T= 3.500E-02  K.E.= 5.869E+04  T.E.= 1.885E+05
              Mx= 0.651E-02   My=-0.195E-03   Mz=-0.873E+03
 Step=   272  T= 3.606E-02  K.E.= 5.535E+04  T.E.= 1.885E+05
              Mx= 0.651E-02   My=-0.193E-03   Mz=-0.836E+03
 Step=   280  T= 3.712E-02  K.E.= 5.209E+04  T.E.= 1.885E+05
              Mx= 0.652E-02   My= 0.406E-03   Mz=-0.799E+03
 Step=   287  T= 3.805E-02  K.E.= 4.931E+04  T.E.= 1.885E+05
              Mx= 0.653E-02   My= 0.218E-03   Mz=-0.767E+03
 Step=   295  T= 3.911E-02  K.E.= 4.619E+04  T.E.= 1.885E+05
              Mx= 0.654E-02   My= 0.229E-03   Mz=-0.729E+03
 Write output data
 Step=   302  T= 4.004E-02  K.E.= 4.352E+04  T.E.= 1.885E+05
              Mx= 0.652E-02   My= 0.227E-03   Mz=-0.699E+03
 Step=   310  T= 4.110E-02  K.E.= 4.054E+04  T.E.= 1.885E+05
              Mx= 0.641E-02   My= 0.292E-03   Mz=-0.661E+03
 Step=   317  T= 4.203E-02  K.E.= 3.801E+04  T.E.= 1.885E+05
              Mx= 0.761E-02   My= 0.171E-02   Mz=-0.632E+03
 Step=   325  T= 4.309E-02  K.E.= 3.521E+04  T.E.= 1.885E+05
              Mx= 0.762E-02   My= 0.171E-02   Mz=-0.598E+03
 Step=   332  T= 4.402E-02  K.E.= 3.284E+04  T.E.= 1.885E+05
              Mx= 0.769E-02   My= 0.134E-02   Mz=-0.568E+03
 Step=   340  T= 4.508E-02  K.E.= 3.022E+04  T.E.= 1.885E+05
              Mx= 0.770E-02   My= 0.180E-02   Mz=-0.537E+03
 Step=   347  T= 4.601E-02  K.E.= 2.801E+04  T.E.= 1.884E+05
              Mx= 0.771E-02   My= 0.181E-02   Mz=-0.507E+03
 Step=   355  T= 4.707E-02  K.E.= 2.555E+04  T.E.= 1.884E+05
              Mx= 0.772E-02   My= 0.180E-02   Mz=-0.476E+03
 Write output data
 Step=   363  T= 4.813E-02  K.E.= 2.318E+04  T.E.= 1.884E+05
              Mx= 0.772E-02   My= 0.180E-02   Mz=-0.444E+03
 Step=   370  T= 4.906E-02  K.E.= 2.119E+04  T.E.= 1.884E+05
              Mx= 0.900E-02   My= 0.158E-02   Mz=-0.416E+03
 Step=   378  T= 5.012E-02  K.E.= 1.901E+04  T.E.= 1.884E+05
              Mx= 0.173E-01   My= 0.544E-02   Mz=-0.387E+03
 Step=   385  T= 5.105E-02  K.E.= 1.718E+04  T.E.= 1.884E+05
              Mx= 0.173E-01   My= 0.544E-02   Mz=-0.360E+03
 Step=   393  T= 5.211E-02  K.E.= 1.520E+04  T.E.= 1.884E+05
              Mx= 0.177E-01   My= 0.526E-02   Mz=-0.331E+03
 Step=   400  T= 5.304E-02  K.E.= 1.356E+04  T.E.= 1.884E+05
              Mx= 0.177E-01   My= 0.526E-02   Mz=-0.305E+03
 Step=   408  T= 5.410E-02  K.E.= 1.179E+04  T.E.= 1.884E+05
              Mx= 0.177E-01   My= 0.526E-02   Mz=-0.277E+03
 Step=   415  T= 5.502E-02  K.E.= 1.034E+04  T.E.= 1.884E+05
              Mx= 0.178E-01   My= 0.525E-02   Mz=-0.252E+03
 Write output data
 Step=   423  T= 5.609E-02  K.E.= 8.821E+03  T.E.= 1.884E+05
              Mx= 0.215E-01   My= 0.607E-02   Mz=-0.225E+03
 Step=   430  T= 5.701E-02  K.E.= 7.616E+03  T.E.= 1.884E+05
              Mx= 0.235E-01   My= 0.586E-02   Mz=-0.200E+03
 Step=   438  T= 5.807E-02  K.E.= 6.358E+03  T.E.= 1.883E+05
              Mx= 0.235E-01   My= 0.586E-02   Mz=-0.174E+03
 Step=   445  T= 5.900E-02  K.E.= 5.366E+03  T.E.= 1.883E+05
              Mx= 0.235E-01   My= 0.586E-02   Mz=-0.150E+03
 Step=   453  T= 6.006E-02  K.E.= 4.370E+03  T.E.= 1.883E+05
              Mx= 0.234E-01   My= 0.571E-02   Mz=-0.125E+03
 Step=   461  T= 6.112E-02  K.E.= 3.539E+03  T.E.= 1.883E+05
              Mx= 0.236E-01   My= 0.596E-02   Mz=-0.101E+03
 Step=   468  T= 6.205E-02  K.E.= 2.963E+03  T.E.= 1.883E+05
              Mx= 0.236E-01   My= 0.595E-02   Mz=-0.816E+02
 Step=   476  T= 6.311E-02  K.E.= 2.452E+03  T.E.= 1.883E+05
              Mx= 0.236E-01   My= 0.595E-02   Mz=-0.586E+02
 Write output data
 Step=   483  T= 6.404E-02  K.E.= 2.115E+03  T.E.= 1.883E+05
              Mx= 0.236E-01   My= 0.595E-02   Mz=-0.412E+02
 Step=   491  T= 6.510E-02  K.E.= 1.860E+03  T.E.= 1.883E+05
              Mx= 0.236E-01   My= 0.595E-02   Mz=-0.221E+02
 Step=   498  T= 6.603E-02  K.E.= 1.755E+03  T.E.= 1.883E+05
              Mx= 0.236E-01   My= 0.595E-02   Mz=-0.734E+01
 Step=   506  T= 6.709E-02  K.E.= 1.761E+03  T.E.= 1.882E+05
              Mx= 0.235E-01   My= 0.599E-02   Mz= 0.424E+01
 Step=   513  T= 6.802E-02  K.E.= 1.831E+03  T.E.= 1.882E+05
              Mx= 0.236E-01   My= 0.601E-02   Mz= 0.131E+02
 Step=   521  T= 6.908E-02  K.E.= 1.863E+03  T.E.= 1.882E+05
              Mx= 0.229E-01   My= 0.517E-02   Mz= 0.212E+02
 Step=   528  T= 7.001E-02  K.E.= 1.860E+03  T.E.= 1.882E+05
              Mx= 0.242E-01   My= 0.459E-02   Mz= 0.245E+02
 Step=   536  T= 7.107E-02  K.E.= 1.834E+03  T.E.= 1.883E+05
              Mx= 0.241E-01   My= 0.457E-02   Mz= 0.230E+02
 Write output data
 Step=   544  T= 7.213E-02  K.E.= 1.784E+03  T.E.= 1.882E+05
              Mx= 0.238E-01   My= 0.469E-02   Mz= 0.128E+02
 Step=   551  T= 7.306E-02  K.E.= 1.744E+03  T.E.= 1.882E+05
              Mx= 0.232E-01   My= 0.395E-02   Mz=-0.429E+01
 Step=   559  T= 7.412E-02  K.E.= 1.741E+03  T.E.= 1.882E+05
              Mx= 0.237E-01   My= 0.374E-02   Mz=-0.254E+02
 Step=   566  T= 7.505E-02  K.E.= 1.775E+03  T.E.= 1.882E+05
              Mx= 0.244E-01   My= 0.197E-02   Mz=-0.408E+02
 Step=   574  T= 7.611E-02  K.E.= 1.812E+03  T.E.= 1.882E+05
              Mx= 0.237E-01   My= 0.165E-02   Mz=-0.533E+02
 Step=   581  T= 7.703E-02  K.E.= 1.841E+03  T.E.= 1.882E+05
              Mx= 0.238E-01   My= 0.128E-02   Mz=-0.549E+02
 Step=   589  T= 7.809E-02  K.E.= 1.853E+03  T.E.= 1.882E+05
              Mx= 0.249E-01   My= 0.100E-02   Mz=-0.523E+02
 Step=   596  T= 7.902E-02  K.E.= 1.825E+03  T.E.= 1.882E+05
              Mx= 0.238E-01   My= 0.404E-03   Mz=-0.476E+02
 Write output data
 Step=   604  T= 8.008E-02  K.E.= 1.776E+03  T.E.= 1.882E+05
              Mx= 0.226E-01   My=-0.150E-03   Mz=-0.386E+02
 
** Total CPU Time is      58.4375 seconds (    0 minutes 58.4375 seconds)
** Elapsed time is        77.9375 seconds (    1 minutes 17.9375 seconds)
** Time per particle cycle:    4569.7539 nanoseconds
** Total elasped time :      82.0938 seconds
